<?xml version="1.0" encoding="UTF-8" standalone="yes"?><!DOCTYPE report PUBLIC "-//JACOCO//DTD Report 1.1//EN" "report.dtd"><report name="calculator"><sessioninfo id="DESKTOP-LP1VJR2-7f8ce872" start="1765210514223" dump="1765210515098"/><sessioninfo id="DESKTOP-LP1VJR2-e6bdebfc" start="1765211306147" dump="1765211307097"/><sessioninfo id="DESKTOP-LP1VJR2-4ce58ca4" start="1765385912747" dump="1765385913872"/><sessioninfo id="DESKTOP-LP1VJR2-a84b736c" start="1765387371080" dump="1765387372061"/><sessioninfo id="DESKTOP-LP1VJR2-a5f5b260" start="1765387540519" dump="1765387541540"/><sessioninfo id="DESKTOP-LP1VJR2-37abb955" start="1765387556387" dump="1765387557500"/><sessioninfo id="DESKTOP-LP1VJR2-20254fe3" start="1765391120608" dump="1765391121641"/><sessioninfo id="DESKTOP-LP1VJR2-446cf5e7" start="1765391180070" dump="1765391181224"/><package name="lab14/sict/must/edu/mn"><class name="lab14/sict/must/edu/mn/Calculator" sourcefilename="Calculator.java"><method name="&lt;init&gt;" desc="()V" line="3"><counter type="INSTRUCTION" missed="0" covered="3"/><counter type="LINE" missed="0" covered="1"/><counter type="COMPLEXITY" missed="0" covered="1"/><counter type="METHOD" missed="0" covered="1"/></method><method name="add" desc="(DD)D" line="6"><counter type="INSTRUCTION" missed="0" covered="4"/><counter type="LINE" missed="0" covered="1"/><counter type="COMPLEXITY" missed="0" covered="1"/><counter type="METHOD" missed="0" covered="1"/></method><counter type="INSTRUCTION" missed="0" covered="7"/><counter type="LINE" missed="0" covered="2"/><counter type="COMPLEXITY" missed="0" covered="2"/><counter type="METHOD" missed="0" covered="2"/><counter type="CLASS" missed="0" covered="1"/></class><sourcefile name="Calculator.java"><line nr="3" mi="0" ci="3" mb="0" cb="0"/><line nr="6" mi="0" ci="4" mb="0" cb="0"/><counter type="INSTRUCTION" missed="0" covered="7"/><counter type="LINE" missed="0" covered="2"/><counter type="COMPLEXITY" missed="0" covered="2"/><counter type="METHOD" missed="0" covered="2"/><counter type="CLASS" missed="0" covered="1"/></sourcefile><counter type="INSTRUCTION" missed="0" covered="7"/><counter type="LINE" missed="0" covered="2"/><counter type="COMPLEXITY" missed="0" covered="2"/><counter type="METHOD" missed="0" covered="2"/><counter type="CLASS" missed="0" covered="1"/></package><counter type="INSTRUCTION" missed="0" covered="7"/><counter type="LINE" missed="0" covered="2"/><counter type="COMPLEXITY" missed="0" covered="2"/><counter type="METHOD" missed="0" covered="2"/><counter type="CLASS" missed="0" covered="1"/></report>